[INFO] Scanning for projects...
[INFO] 
[INFO] ------------------< com.sharebazaar:discovery-server >------------------
[INFO] Building discovery-server 1.0.0-SNAPSHOT
[INFO]   from pom.xml
[INFO] --------------------------------[ jar ]---------------------------------
[INFO] 
[INFO] >>> spring-boot:3.4.3:run (default-cli) > test-compile @ discovery-server >>>
[INFO] 
[INFO] --- jacoco:0.8.12:prepare-agent (prepare-agent) @ discovery-server ---
[INFO] argLine set to -javaagent:/home/manichandra/.m2/repository/org/jacoco/org.jacoco.agent/0.8.12/org.jacoco.agent-0.8.12-runtime.jar=destfile=/home/manichandra/developer/Group-8/Backend/discovery-server/target/jacoco.exec
[INFO] 
[INFO] --- resources:3.3.1:resources (default-resources) @ discovery-server ---
[INFO] Copying 1 resource from src/main/resources to target/classes
[INFO] Copying 0 resource from src/main/resources to target/classes
[INFO] 
[INFO] --- compiler:3.13.0:compile (default-compile) @ discovery-server ---
[INFO] Nothing to compile - all classes are up to date.
[INFO] 
[INFO] --- resources:3.3.1:testResources (default-testResources) @ discovery-server ---
[INFO] skip non existing resourceDirectory /home/manichandra/developer/Group-8/Backend/discovery-server/src/test/resources
[INFO] 
[INFO] --- compiler:3.13.0:testCompile (default-testCompile) @ discovery-server ---
[INFO] No sources to compile
[INFO] 
[INFO] <<< spring-boot:3.4.3:run (default-cli) < test-compile @ discovery-server <<<
[INFO] 
[INFO] 
[INFO] --- spring-boot:3.4.3:run (default-cli) @ discovery-server ---
[INFO] Attaching agents: []
Standard Commons Logging discovery in action with spring-jcl: please remove commons-logging.jar from classpath in order to avoid potential conflicts

  .   ____          _            __ _ _
 /\\ / ___'_ __ _ _(_)_ __  __ _ \ \ \ \
( ( )\___ | '_ | '_| | '_ \/ _` | \ \ \ \
 \\/  ___)| |_)| | | | | || (_| |  ) ) ) )
  '  |____| .__|_| |_|_| |_\__, | / / / /
 =========|_|==============|___/=/_/_/_/

 :: Spring Boot ::                (v3.4.3)

2026-03-19T18:27:19.273+05:30  INFO 221073 --- [discovery-server] [           main] c.s.d.DiscoveryServerApplication         : Starting DiscoveryServerApplication using Java 17.0.18 with PID 221073 (/home/manichandra/developer/Group-8/Backend/discovery-server/target/classes started by manichandra in /home/manichandra/developer/Group-8/Backend/discovery-server)
2026-03-19T18:27:19.276+05:30  INFO 221073 --- [discovery-server] [           main] c.s.d.DiscoveryServerApplication         : No active profile set, falling back to 1 default profile: "default"
2026-03-19T18:27:20.174+05:30  INFO 221073 --- [discovery-server] [           main] o.s.cloud.context.scope.GenericScope     : BeanFactory id=f75fbd32-9aae-3806-83b6-156b9d120ec8
2026-03-19T18:27:20.422+05:30  INFO 221073 --- [discovery-server] [           main] o.s.b.w.embedded.tomcat.TomcatWebServer  : Tomcat initialized with port 8761 (http)
2026-03-19T18:27:20.436+05:30  INFO 221073 --- [discovery-server] [           main] o.apache.catalina.core.StandardService   : Starting service [Tomcat]
2026-03-19T18:27:20.436+05:30  INFO 221073 --- [discovery-server] [           main] o.apache.catalina.core.StandardEngine    : Starting Servlet engine: [Apache Tomcat/10.1.36]
2026-03-19T18:27:20.511+05:30  INFO 221073 --- [discovery-server] [           main] o.a.c.c.C.[Tomcat].[localhost].[/]       : Initializing Spring embedded WebApplicationContext
2026-03-19T18:27:20.512+05:30  INFO 221073 --- [discovery-server] [           main] w.s.c.ServletWebServerApplicationContext : Root WebApplicationContext: initialization completed in 1189 ms
Standard Commons Logging discovery in action with spring-jcl: please remove commons-logging.jar from classpath in order to avoid potential conflicts
2026-03-19T18:27:21.210+05:30  INFO 221073 --- [discovery-server] [           main] c.n.d.provider.DiscoveryJerseyProvider   : Using JSON encoding codec LegacyJacksonJson
2026-03-19T18:27:21.211+05:30  INFO 221073 --- [discovery-server] [           main] c.n.d.provider.DiscoveryJerseyProvider   : Using JSON decoding codec LegacyJacksonJson
2026-03-19T18:27:21.347+05:30  INFO 221073 --- [discovery-server] [           main] c.n.d.provider.DiscoveryJerseyProvider   : Using XML encoding codec XStreamXml
2026-03-19T18:27:21.347+05:30  INFO 221073 --- [discovery-server] [           main] c.n.d.provider.DiscoveryJerseyProvider   : Using XML decoding codec XStreamXml
2026-03-19T18:27:21.458+05:30  INFO 221073 --- [discovery-server] [           main] o.s.v.b.OptionalValidatorFactoryBean     : Failed to set up a Bean Validation provider: jakarta.validation.NoProviderFoundException: Unable to create a Configuration, because no Jakarta Bean Validation provider could be found. Add a provider like Hibernate Validator (RI) to your classpath.
2026-03-19T18:27:21.938+05:30  WARN 221073 --- [discovery-server] [           main] iguration$LoadBalancerCaffeineWarnLogger : Spring Cloud LoadBalancer is currently working with the default cache. While this cache implementation is useful for development and tests, it's recommended to use Caffeine cache in production.You can switch to using Caffeine cache, by adding it and org.springframework.cache.caffeine.CaffeineCacheManager to the classpath.
2026-03-19T18:27:21.952+05:30  INFO 221073 --- [discovery-server] [           main] o.s.c.n.eureka.InstanceInfoFactory       : Setting initial instance status as: STARTING
2026-03-19T18:27:21.966+05:30  INFO 221073 --- [discovery-server] [           main] com.netflix.discovery.DiscoveryClient    : Initializing Eureka in region us-east-1
2026-03-19T18:27:21.966+05:30  INFO 221073 --- [discovery-server] [           main] com.netflix.discovery.DiscoveryClient    : Client configured to neither register nor query for data.
2026-03-19T18:27:21.968+05:30  INFO 221073 --- [discovery-server] [           main] com.netflix.discovery.DiscoveryClient    : Discovery Client initialized at timestamp 1773925041967 with initial instances count: 0
2026-03-19T18:27:21.995+05:30  INFO 221073 --- [discovery-server] [           main] c.n.eureka.DefaultEurekaServerContext    : Initializing ...
2026-03-19T18:27:21.997+05:30  WARN 221073 --- [discovery-server] [           main] c.n.eureka.cluster.PeerEurekaNodes       : The replica size seems to be empty. Check the route 53 DNS Registry
2026-03-19T18:27:22.004+05:30  INFO 221073 --- [discovery-server] [           main] c.n.e.registry.AbstractInstanceRegistry  : Finished initializing remote region registries. All known remote regions: []
2026-03-19T18:27:22.004+05:30  INFO 221073 --- [discovery-server] [           main] c.n.eureka.DefaultEurekaServerContext    : Initialized
2026-03-19T18:27:22.013+05:30  INFO 221073 --- [discovery-server] [           main] o.s.b.a.e.web.EndpointLinksResolver      : Exposing 1 endpoint beneath base path '/actuator'
2026-03-19T18:27:22.058+05:30  INFO 221073 --- [discovery-server] [           main] o.s.c.n.e.s.EurekaServiceRegistry        : Registering application DISCOVERY-SERVER with eureka with status UP
2026-03-19T18:27:22.068+05:30  INFO 221073 --- [discovery-server] [       Thread-9] o.s.c.n.e.server.EurekaServerBootstrap   : isAws returned false
2026-03-19T18:27:22.068+05:30  INFO 221073 --- [discovery-server] [       Thread-9] o.s.c.n.e.server.EurekaServerBootstrap   : Initialized server context
2026-03-19T18:27:22.068+05:30  INFO 221073 --- [discovery-server] [       Thread-9] c.n.e.r.PeerAwareInstanceRegistryImpl    : Got 1 instances from neighboring DS node
2026-03-19T18:27:22.068+05:30  INFO 221073 --- [discovery-server] [       Thread-9] c.n.e.r.PeerAwareInstanceRegistryImpl    : Renew threshold is: 1
2026-03-19T18:27:22.068+05:30  INFO 221073 --- [discovery-server] [       Thread-9] c.n.e.r.PeerAwareInstanceRegistryImpl    : Changing status to UP
2026-03-19T18:27:22.070+05:30  INFO 221073 --- [discovery-server] [       Thread-9] e.s.EurekaServerInitializerConfiguration : Started Eureka Server
2026-03-19T18:27:22.073+05:30  INFO 221073 --- [discovery-server] [           main] o.s.b.w.embedded.tomcat.TomcatWebServer  : Tomcat started on port 8761 (http) with context path '/'
2026-03-19T18:27:22.074+05:30  INFO 221073 --- [discovery-server] [           main] .s.c.n.e.s.EurekaAutoServiceRegistration : Updating port to 8761
2026-03-19T18:27:22.095+05:30  INFO 221073 --- [discovery-server] [           main] c.s.d.DiscoveryServerApplication         : Started DiscoveryServerApplication in 3.545 seconds (process running for 4.014)
2026-03-19T18:27:31.812+05:30  INFO 221073 --- [discovery-server] [nio-8761-exec-2] o.a.c.c.C.[Tomcat].[localhost].[/]       : Initializing Spring DispatcherServlet 'dispatcherServlet'
2026-03-19T18:27:31.813+05:30  INFO 221073 --- [discovery-server] [nio-8761-exec-2] o.s.web.servlet.DispatcherServlet        : Initializing Servlet 'dispatcherServlet'
2026-03-19T18:27:31.816+05:30  INFO 221073 --- [discovery-server] [nio-8761-exec-2] o.s.web.servlet.DispatcherServlet        : Completed initialization in 2 ms
2026-03-19T18:27:32.165+05:30  INFO 221073 --- [discovery-server] [nio-8761-exec-3] c.n.e.registry.AbstractInstanceRegistry  : Registered instance AUTH-SERVICE/archlinux:auth-service:8081 with status UP (replication=false)
2026-03-19T18:27:34.749+05:30  INFO 221073 --- [discovery-server] [nio-8761-exec-5] c.n.e.registry.AbstractInstanceRegistry  : Registered instance STOCK-SERVICE/archlinux:stock-service:8082 with status UP (replication=false)
2026-03-19T18:27:37.539+05:30  INFO 221073 --- [discovery-server] [nio-8761-exec-7] c.n.e.registry.AbstractInstanceRegistry  : Registered instance API-GATEWAY/archlinux:api-gateway:8085 with status UP (replication=false)
2026-03-19T18:27:38.970+05:30  INFO 221073 --- [discovery-server] [nio-8761-exec-9] c.n.e.registry.AbstractInstanceRegistry  : Registered instance PORTFOLIO-SERVICE/archlinux:portfolio-service:8084 with status UP (replication=false)
2026-03-19T18:27:48.318+05:30  INFO 221073 --- [discovery-server] [nio-8761-exec-1] c.n.e.registry.AbstractInstanceRegistry  : Registered instance TRADE-SERVICE/archlinux:trade-service:8083 with status UP (replication=false)
2026-03-19T18:28:22.069+05:30  INFO 221073 --- [discovery-server] [a-EvictionTimer] c.n.e.registry.AbstractInstanceRegistry  : Running the evict task with compensationTime 0ms
2026-03-19T18:29:22.069+05:30  INFO 221073 --- [discovery-server] [a-EvictionTimer] c.n.e.registry.AbstractInstanceRegistry  : Running the evict task with compensationTime 0ms
2026-03-19T18:30:22.070+05:30  INFO 221073 --- [discovery-server] [a-EvictionTimer] c.n.e.registry.AbstractInstanceRegistry  : Running the evict task with compensationTime 0ms
2026-03-19T18:31:22.069+05:30  INFO 221073 --- [discovery-server] [a-EvictionTimer] c.n.e.registry.AbstractInstanceRegistry  : Running the evict task with compensationTime 0ms
2026-03-19T18:32:22.069+05:30  INFO 221073 --- [discovery-server] [a-EvictionTimer] c.n.e.registry.AbstractInstanceRegistry  : Running the evict task with compensationTime 0ms
2026-03-19T18:33:11.157+05:30  INFO 221073 --- [discovery-server] [nio-8761-exec-1] c.n.e.registry.AbstractInstanceRegistry  : Registered instance API-GATEWAY/archlinux:api-gateway:8085 with status DOWN (replication=false)
2026-03-19T18:33:12.165+05:30  INFO 221073 --- [discovery-server] [nio-8761-exec-3] c.n.e.registry.AbstractInstanceRegistry  : Registered instance AUTH-SERVICE/archlinux:auth-service:8081 with status DOWN (replication=false)
2026-03-19T18:33:13.170+05:30  INFO 221073 --- [discovery-server] [ionShutdownHook] o.s.c.n.e.s.EurekaServiceRegistry        : Unregistering application DISCOVERY-SERVER with eureka with status DOWN
2026-03-19T18:33:13.175+05:30  INFO 221073 --- [discovery-server] [ionShutdownHook] o.s.b.w.e.tomcat.GracefulShutdown        : Commencing graceful shutdown. Waiting for active requests to complete
2026-03-19T18:33:13.184+05:30  INFO 221073 --- [discovery-server] [tomcat-shutdown] o.s.b.w.e.tomcat.GracefulShutdown        : Graceful shutdown complete
2026-03-19T18:33:13.188+05:30  INFO 221073 --- [discovery-server] [ionShutdownHook] o.s.c.n.e.server.EurekaServerBootstrap   : Shutting down Eureka Server..
2026-03-19T18:33:13.188+05:30  INFO 221073 --- [discovery-server] [ionShutdownHook] c.n.eureka.DefaultEurekaServerContext    : Shutting down ...
2026-03-19T18:33:13.189+05:30  INFO 221073 --- [discovery-server] [ionShutdownHook] c.n.eureka.DefaultEurekaServerContext    : Shut down
2026-03-19T18:33:13.189+05:30  INFO 221073 --- [discovery-server] [ionShutdownHook] o.s.c.n.e.server.EurekaServerBootstrap   : Eureka Service is now shutdown...
2026-03-19T18:33:13.190+05:30  INFO 221073 --- [discovery-server] [ionShutdownHook] c.n.eureka.DefaultEurekaServerContext    : Shutting down ...
2026-03-19T18:33:13.190+05:30  INFO 221073 --- [discovery-server] [ionShutdownHook] c.n.eureka.DefaultEurekaServerContext    : Shut down
2026-03-19T18:33:13.198+05:30  INFO 221073 --- [discovery-server] [ionShutdownHook] com.netflix.discovery.DiscoveryClient    : Shutting down DiscoveryClient ...
2026-03-19T18:33:13.198+05:30  INFO 221073 --- [discovery-server] [ionShutdownHook] com.netflix.discovery.DiscoveryClient    : Completed shut down of DiscoveryClient
