[INFO] Scanning for projects...
[INFO] 
[INFO] --------------------< com.sharebazaar:api-gateway >---------------------
[INFO] Building api-gateway 1.0.0-SNAPSHOT
[INFO]   from pom.xml
[INFO] --------------------------------[ jar ]---------------------------------
[INFO] 
[INFO] >>> spring-boot:3.4.3:run (default-cli) > test-compile @ api-gateway >>>
[INFO] 
[INFO] --- jacoco:0.8.12:prepare-agent (prepare-agent) @ api-gateway ---
[INFO] argLine set to -javaagent:/home/manichandra/.m2/repository/org/jacoco/org.jacoco.agent/0.8.12/org.jacoco.agent-0.8.12-runtime.jar=destfile=/home/manichandra/developer/Group-8/Backend/api-gateway/target/jacoco.exec
[INFO] 
[INFO] --- resources:3.3.1:resources (default-resources) @ api-gateway ---
[INFO] Copying 1 resource from src/main/resources to target/classes
[INFO] Copying 0 resource from src/main/resources to target/classes
[INFO] 
[INFO] --- compiler:3.13.0:compile (default-compile) @ api-gateway ---
[INFO] Nothing to compile - all classes are up to date.
[INFO] 
[INFO] --- resources:3.3.1:testResources (default-testResources) @ api-gateway ---
[INFO] skip non existing resourceDirectory /home/manichandra/developer/Group-8/Backend/api-gateway/src/test/resources
[INFO] 
[INFO] --- compiler:3.13.0:testCompile (default-testCompile) @ api-gateway ---
[INFO] No sources to compile
[INFO] 
[INFO] <<< spring-boot:3.4.3:run (default-cli) < test-compile @ api-gateway <<<
[INFO] 
[INFO] 
[INFO] --- spring-boot:3.4.3:run (default-cli) @ api-gateway ---
[INFO] Attaching agents: []

  .   ____          _            __ _ _
 /\\ / ___'_ __ _ _(_)_ __  __ _ \ \ \ \
( ( )\___ | '_ | '_| | '_ \/ _` | \ \ \ \
 \\/  ___)| |_)| | | | | || (_| |  ) ) ) )
  '  |____| .__|_| |_|_| |_\__, | / / / /
 =========|_|==============|___/=/_/_/_/

 :: Spring Boot ::                (v3.4.3)

2026-03-18T23:15:21.809+05:30  INFO 30419 --- [api-gateway] [           main] c.s.apigateway.ApiGatewayApplication     : Starting ApiGatewayApplication using Java 17.0.18 with PID 30419 (/home/manichandra/developer/Group-8/Backend/api-gateway/target/classes started by manichandra in /home/manichandra/developer/Group-8/Backend/api-gateway)
2026-03-18T23:15:21.810+05:30  INFO 30419 --- [api-gateway] [           main] c.s.apigateway.ApiGatewayApplication     : No active profile set, falling back to 1 default profile: "default"
2026-03-18T23:15:22.250+05:30  INFO 30419 --- [api-gateway] [           main] o.s.cloud.context.scope.GenericScope     : BeanFactory id=104c7ae3-8714-3686-8eef-e6014cb7221a
2026-03-18T23:15:22.596+05:30  INFO 30419 --- [api-gateway] [           main] o.s.c.g.r.RouteDefinitionRouteLocator    : Loaded RoutePredicateFactory [After]
2026-03-18T23:15:22.596+05:30  INFO 30419 --- [api-gateway] [           main] o.s.c.g.r.RouteDefinitionRouteLocator    : Loaded RoutePredicateFactory [Before]
2026-03-18T23:15:22.597+05:30  INFO 30419 --- [api-gateway] [           main] o.s.c.g.r.RouteDefinitionRouteLocator    : Loaded RoutePredicateFactory [Between]
2026-03-18T23:15:22.597+05:30  INFO 30419 --- [api-gateway] [           main] o.s.c.g.r.RouteDefinitionRouteLocator    : Loaded RoutePredicateFactory [Cookie]
2026-03-18T23:15:22.597+05:30  INFO 30419 --- [api-gateway] [           main] o.s.c.g.r.RouteDefinitionRouteLocator    : Loaded RoutePredicateFactory [Header]
2026-03-18T23:15:22.597+05:30  INFO 30419 --- [api-gateway] [           main] o.s.c.g.r.RouteDefinitionRouteLocator    : Loaded RoutePredicateFactory [Host]
2026-03-18T23:15:22.597+05:30  INFO 30419 --- [api-gateway] [           main] o.s.c.g.r.RouteDefinitionRouteLocator    : Loaded RoutePredicateFactory [Method]
2026-03-18T23:15:22.597+05:30  INFO 30419 --- [api-gateway] [           main] o.s.c.g.r.RouteDefinitionRouteLocator    : Loaded RoutePredicateFactory [Path]
2026-03-18T23:15:22.597+05:30  INFO 30419 --- [api-gateway] [           main] o.s.c.g.r.RouteDefinitionRouteLocator    : Loaded RoutePredicateFactory [Query]
2026-03-18T23:15:22.597+05:30  INFO 30419 --- [api-gateway] [           main] o.s.c.g.r.RouteDefinitionRouteLocator    : Loaded RoutePredicateFactory [ReadBody]
2026-03-18T23:15:22.597+05:30  INFO 30419 --- [api-gateway] [           main] o.s.c.g.r.RouteDefinitionRouteLocator    : Loaded RoutePredicateFactory [RemoteAddr]
2026-03-18T23:15:22.597+05:30  INFO 30419 --- [api-gateway] [           main] o.s.c.g.r.RouteDefinitionRouteLocator    : Loaded RoutePredicateFactory [XForwardedRemoteAddr]
2026-03-18T23:15:22.597+05:30  INFO 30419 --- [api-gateway] [           main] o.s.c.g.r.RouteDefinitionRouteLocator    : Loaded RoutePredicateFactory [Weight]
2026-03-18T23:15:22.597+05:30  INFO 30419 --- [api-gateway] [           main] o.s.c.g.r.RouteDefinitionRouteLocator    : Loaded RoutePredicateFactory [CloudFoundryRouteService]
2026-03-18T23:15:22.702+05:30  INFO 30419 --- [api-gateway] [           main] o.s.b.a.e.web.EndpointLinksResolver      : Exposing 1 endpoint beneath base path '/actuator'
2026-03-18T23:15:22.791+05:30  INFO 30419 --- [api-gateway] [           main] DiscoveryClientOptionalArgsConfiguration : Eureka HTTP Client uses RestTemplate.
2026-03-18T23:15:22.802+05:30  WARN 30419 --- [api-gateway] [           main] iguration$LoadBalancerCaffeineWarnLogger : Spring Cloud LoadBalancer is currently working with the default cache. While this cache implementation is useful for development and tests, it's recommended to use Caffeine cache in production.You can switch to using Caffeine cache, by adding it and org.springframework.cache.caffeine.CaffeineCacheManager to the classpath.
2026-03-18T23:15:22.820+05:30  INFO 30419 --- [api-gateway] [           main] o.s.c.n.eureka.InstanceInfoFactory       : Setting initial instance status as: STARTING
2026-03-18T23:15:22.829+05:30  INFO 30419 --- [api-gateway] [           main] com.netflix.discovery.DiscoveryClient    : Initializing Eureka in region us-east-1
2026-03-18T23:15:22.831+05:30  INFO 30419 --- [api-gateway] [           main] c.n.d.s.r.aws.ConfigClusterResolver      : Resolving eureka endpoints via configuration
2026-03-18T23:15:22.834+05:30  INFO 30419 --- [api-gateway] [           main] com.netflix.discovery.DiscoveryClient    : Disable delta property : false
2026-03-18T23:15:22.834+05:30  INFO 30419 --- [api-gateway] [           main] com.netflix.discovery.DiscoveryClient    : Single vip registry refresh property : null
2026-03-18T23:15:22.834+05:30  INFO 30419 --- [api-gateway] [           main] com.netflix.discovery.DiscoveryClient    : Force full registry fetch : false
2026-03-18T23:15:22.834+05:30  INFO 30419 --- [api-gateway] [           main] com.netflix.discovery.DiscoveryClient    : Application is null : false
2026-03-18T23:15:22.834+05:30  INFO 30419 --- [api-gateway] [           main] com.netflix.discovery.DiscoveryClient    : Registered Applications size is zero : true
2026-03-18T23:15:22.834+05:30  INFO 30419 --- [api-gateway] [           main] com.netflix.discovery.DiscoveryClient    : Application version is -1: true
2026-03-18T23:15:22.834+05:30  INFO 30419 --- [api-gateway] [           main] com.netflix.discovery.DiscoveryClient    : Getting all instance registry info from the eureka server
2026-03-18T23:15:23.025+05:30  INFO 30419 --- [api-gateway] [           main] com.netflix.discovery.DiscoveryClient    : The response status is 200
2026-03-18T23:15:23.025+05:30  INFO 30419 --- [api-gateway] [           main] com.netflix.discovery.DiscoveryClient    : Starting heartbeat executor: renew interval is: 30
2026-03-18T23:15:23.026+05:30  INFO 30419 --- [api-gateway] [           main] c.n.discovery.InstanceInfoReplicator     : InstanceInfoReplicator onDemand update allowed rate per min is 4
2026-03-18T23:15:23.027+05:30  INFO 30419 --- [api-gateway] [           main] com.netflix.discovery.DiscoveryClient    : Discovery Client initialized at timestamp 1773855923027 with initial instances count: 0
2026-03-18T23:15:23.029+05:30  INFO 30419 --- [api-gateway] [           main] o.s.c.n.e.s.EurekaServiceRegistry        : Registering application API-GATEWAY with eureka with status UP
2026-03-18T23:15:23.029+05:30  INFO 30419 --- [api-gateway] [           main] com.netflix.discovery.DiscoveryClient    : Saw local status change event StatusChangeEvent [timestamp=1773855923029, current=UP, previous=STARTING]
2026-03-18T23:15:23.030+05:30  INFO 30419 --- [api-gateway] [foReplicator-%d] com.netflix.discovery.DiscoveryClient    : DiscoveryClient_API-GATEWAY/archlinux:api-gateway:8080: registering service...
2026-03-18T23:15:23.095+05:30  INFO 30419 --- [api-gateway] [           main] o.s.b.web.embedded.netty.NettyWebServer  : Netty started on port 8080 (http)
2026-03-18T23:15:23.096+05:30  INFO 30419 --- [api-gateway] [           main] .s.c.n.e.s.EurekaAutoServiceRegistration : Updating port to 8080
2026-03-18T23:15:23.096+05:30  INFO 30419 --- [api-gateway] [foReplicator-%d] com.netflix.discovery.DiscoveryClient    : DiscoveryClient_API-GATEWAY/archlinux:api-gateway:8080 - registration status: 204
2026-03-18T23:15:23.109+05:30  INFO 30419 --- [api-gateway] [           main] c.s.apigateway.ApiGatewayApplication     : Started ApiGatewayApplication in 1.499 seconds (process running for 1.697)
2026-03-18T23:15:53.026+05:30  INFO 30419 --- [api-gateway] [reshExecutor-%d] com.netflix.discovery.DiscoveryClient    : Disable delta property : false
2026-03-18T23:15:53.026+05:30  INFO 30419 --- [api-gateway] [reshExecutor-%d] com.netflix.discovery.DiscoveryClient    : Single vip registry refresh property : null
2026-03-18T23:15:53.026+05:30  INFO 30419 --- [api-gateway] [reshExecutor-%d] com.netflix.discovery.DiscoveryClient    : Force full registry fetch : false
2026-03-18T23:15:53.026+05:30  INFO 30419 --- [api-gateway] [reshExecutor-%d] com.netflix.discovery.DiscoveryClient    : Application is null : false
2026-03-18T23:15:53.026+05:30  INFO 30419 --- [api-gateway] [reshExecutor-%d] com.netflix.discovery.DiscoveryClient    : Registered Applications size is zero : true
2026-03-18T23:15:53.027+05:30  INFO 30419 --- [api-gateway] [reshExecutor-%d] com.netflix.discovery.DiscoveryClient    : Application version is -1: false
2026-03-18T23:15:53.027+05:30  INFO 30419 --- [api-gateway] [reshExecutor-%d] com.netflix.discovery.DiscoveryClient    : Getting all instance registry info from the eureka server
2026-03-18T23:15:53.035+05:30  INFO 30419 --- [api-gateway] [reshExecutor-%d] com.netflix.discovery.DiscoveryClient    : The response status is 200
2026-03-18T23:16:00.023+05:30  WARN 30419 --- [api-gateway] [or-http-epoll-5] o.s.c.l.core.RoundRobinLoadBalancer      : No servers available for service: stock-service
2026-03-18T23:16:00.023+05:30  WARN 30419 --- [api-gateway] [or-http-epoll-6] o.s.c.l.core.RoundRobinLoadBalancer      : No servers available for service: stock-service
2026-03-18T23:20:22.835+05:30  INFO 30419 --- [api-gateway] [rap-executor-%d] c.n.d.s.r.aws.ConfigClusterResolver      : Resolving eureka endpoints via configuration
