[INFO] Scanning for projects...
[INFO] 
[INFO] -------------------< com.sharebazaar:eureka-server >--------------------
[INFO] Building eureka-server 1.0.0-SNAPSHOT
[INFO]   from pom.xml
[INFO] --------------------------------[ jar ]---------------------------------
[INFO] 
[INFO] >>> spring-boot:3.4.3:run (default-cli) > test-compile @ eureka-server >>>
[INFO] 
[INFO] --- jacoco:0.8.12:prepare-agent (prepare-agent) @ eureka-server ---
[INFO] argLine set to -javaagent:/home/manichandra/.m2/repository/org/jacoco/org.jacoco.agent/0.8.12/org.jacoco.agent-0.8.12-runtime.jar=destfile=/home/manichandra/developer/Group-8/Backend/eureka-server/target/jacoco.exec
[INFO] 
[INFO] --- resources:3.3.1:resources (default-resources) @ eureka-server ---
[INFO] Copying 1 resource from src/main/resources to target/classes
[INFO] Copying 0 resource from src/main/resources to target/classes
[INFO] 
[INFO] --- compiler:3.13.0:compile (default-compile) @ eureka-server ---
[INFO] Nothing to compile - all classes are up to date.
[INFO] 
[INFO] --- resources:3.3.1:testResources (default-testResources) @ eureka-server ---
[INFO] skip non existing resourceDirectory /home/manichandra/developer/Group-8/Backend/eureka-server/src/test/resources
[INFO] 
[INFO] --- compiler:3.13.0:testCompile (default-testCompile) @ eureka-server ---
[INFO] No sources to compile
[INFO] 
[INFO] <<< spring-boot:3.4.3:run (default-cli) < test-compile @ eureka-server <<<
[INFO] 
[INFO] 
[INFO] --- spring-boot:3.4.3:run (default-cli) @ eureka-server ---
[INFO] Attaching agents: []
Standard Commons Logging discovery in action with spring-jcl: please remove commons-logging.jar from classpath in order to avoid potential conflicts

  .   ____          _            __ _ _
 /\\ / ___'_ __ _ _(_)_ __  __ _ \ \ \ \
( ( )\___ | '_ | '_| | '_ \/ _` | \ \ \ \
 \\/  ___)| |_)| | | | | || (_| |  ) ) ) )
  '  |____| .__|_| |_|_| |_\__, | / / / /
 =========|_|==============|___/=/_/_/_/

 :: Spring Boot ::                (v3.4.3)

2026-03-18T23:15:17.593+05:30  INFO 30245 --- [eureka-server] [           main] c.s.eureka.EurekaServerApplication       : Starting EurekaServerApplication using Java 17.0.18 with PID 30245 (/home/manichandra/developer/Group-8/Backend/eureka-server/target/classes started by manichandra in /home/manichandra/developer/Group-8/Backend/eureka-server)
2026-03-18T23:15:17.594+05:30  INFO 30245 --- [eureka-server] [           main] c.s.eureka.EurekaServerApplication       : No active profile set, falling back to 1 default profile: "default"
2026-03-18T23:15:18.007+05:30  INFO 30245 --- [eureka-server] [           main] o.s.cloud.context.scope.GenericScope     : BeanFactory id=6686b3d2-de92-38fe-8a3e-732c656658f0
2026-03-18T23:15:18.109+05:30  INFO 30245 --- [eureka-server] [           main] o.s.b.w.embedded.tomcat.TomcatWebServer  : Tomcat initialized with port 8761 (http)
2026-03-18T23:15:18.114+05:30  INFO 30245 --- [eureka-server] [           main] o.apache.catalina.core.StandardService   : Starting service [Tomcat]
2026-03-18T23:15:18.114+05:30  INFO 30245 --- [eureka-server] [           main] o.apache.catalina.core.StandardEngine    : Starting Servlet engine: [Apache Tomcat/10.1.36]
2026-03-18T23:15:18.137+05:30  INFO 30245 --- [eureka-server] [           main] o.a.c.c.C.[Tomcat].[localhost].[/]       : Initializing Spring embedded WebApplicationContext
2026-03-18T23:15:18.137+05:30  INFO 30245 --- [eureka-server] [           main] w.s.c.ServletWebServerApplicationContext : Root WebApplicationContext: initialization completed in 521 ms
Standard Commons Logging discovery in action with spring-jcl: please remove commons-logging.jar from classpath in order to avoid potential conflicts
2026-03-18T23:15:18.483+05:30  INFO 30245 --- [eureka-server] [           main] c.n.d.provider.DiscoveryJerseyProvider   : Using JSON encoding codec LegacyJacksonJson
2026-03-18T23:15:18.484+05:30  INFO 30245 --- [eureka-server] [           main] c.n.d.provider.DiscoveryJerseyProvider   : Using JSON decoding codec LegacyJacksonJson
2026-03-18T23:15:18.548+05:30  INFO 30245 --- [eureka-server] [           main] c.n.d.provider.DiscoveryJerseyProvider   : Using XML encoding codec XStreamXml
2026-03-18T23:15:18.548+05:30  INFO 30245 --- [eureka-server] [           main] c.n.d.provider.DiscoveryJerseyProvider   : Using XML decoding codec XStreamXml
2026-03-18T23:15:18.604+05:30  INFO 30245 --- [eureka-server] [           main] o.s.v.b.OptionalValidatorFactoryBean     : Failed to set up a Bean Validation provider: jakarta.validation.NoProviderFoundException: Unable to create a Configuration, because no Jakarta Bean Validation provider could be found. Add a provider like Hibernate Validator (RI) to your classpath.
2026-03-18T23:15:18.842+05:30  WARN 30245 --- [eureka-server] [           main] iguration$LoadBalancerCaffeineWarnLogger : Spring Cloud LoadBalancer is currently working with the default cache. While this cache implementation is useful for development and tests, it's recommended to use Caffeine cache in production.You can switch to using Caffeine cache, by adding it and org.springframework.cache.caffeine.CaffeineCacheManager to the classpath.
2026-03-18T23:15:18.848+05:30  INFO 30245 --- [eureka-server] [           main] o.s.c.n.eureka.InstanceInfoFactory       : Setting initial instance status as: STARTING
2026-03-18T23:15:18.856+05:30  INFO 30245 --- [eureka-server] [           main] com.netflix.discovery.DiscoveryClient    : Initializing Eureka in region us-east-1
2026-03-18T23:15:18.856+05:30  INFO 30245 --- [eureka-server] [           main] com.netflix.discovery.DiscoveryClient    : Client configured to neither register nor query for data.
2026-03-18T23:15:18.856+05:30  INFO 30245 --- [eureka-server] [           main] com.netflix.discovery.DiscoveryClient    : Discovery Client initialized at timestamp 1773855918856 with initial instances count: 0
2026-03-18T23:15:18.870+05:30  INFO 30245 --- [eureka-server] [           main] c.n.eureka.DefaultEurekaServerContext    : Initializing ...
2026-03-18T23:15:18.871+05:30  INFO 30245 --- [eureka-server] [           main] c.n.eureka.cluster.PeerEurekaNodes       : Adding new peer nodes [http://localhost:8761/eureka/]
2026-03-18T23:15:18.911+05:30  INFO 30245 --- [eureka-server] [           main] c.n.d.provider.DiscoveryJerseyProvider   : Using JSON encoding codec LegacyJacksonJson
2026-03-18T23:15:18.911+05:30  INFO 30245 --- [eureka-server] [           main] c.n.d.provider.DiscoveryJerseyProvider   : Using JSON decoding codec LegacyJacksonJson
2026-03-18T23:15:18.911+05:30  INFO 30245 --- [eureka-server] [           main] c.n.d.provider.DiscoveryJerseyProvider   : Using XML encoding codec XStreamXml
2026-03-18T23:15:18.911+05:30  INFO 30245 --- [eureka-server] [           main] c.n.d.provider.DiscoveryJerseyProvider   : Using XML decoding codec XStreamXml
2026-03-18T23:15:18.925+05:30  INFO 30245 --- [eureka-server] [           main] c.n.eureka.cluster.PeerEurekaNodes       : Replica node URL:  http://localhost:8761/eureka/
2026-03-18T23:15:18.929+05:30  INFO 30245 --- [eureka-server] [           main] c.n.e.registry.AbstractInstanceRegistry  : Finished initializing remote region registries. All known remote regions: []
2026-03-18T23:15:18.929+05:30  INFO 30245 --- [eureka-server] [           main] c.n.eureka.DefaultEurekaServerContext    : Initialized
2026-03-18T23:15:18.933+05:30  INFO 30245 --- [eureka-server] [           main] o.s.b.a.e.web.EndpointLinksResolver      : Exposing 1 endpoint beneath base path '/actuator'
2026-03-18T23:15:18.951+05:30  INFO 30245 --- [eureka-server] [           main] o.s.c.n.e.s.EurekaServiceRegistry        : Registering application EUREKA-SERVER with eureka with status UP
2026-03-18T23:15:18.962+05:30  INFO 30245 --- [eureka-server] [       Thread-9] o.s.c.n.e.server.EurekaServerBootstrap   : isAws returned false
2026-03-18T23:15:18.963+05:30  INFO 30245 --- [eureka-server] [       Thread-9] o.s.c.n.e.server.EurekaServerBootstrap   : Initialized server context
2026-03-18T23:15:18.963+05:30  INFO 30245 --- [eureka-server] [       Thread-9] c.n.e.r.PeerAwareInstanceRegistryImpl    : Got 1 instances from neighboring DS node
2026-03-18T23:15:18.963+05:30  INFO 30245 --- [eureka-server] [       Thread-9] c.n.e.r.PeerAwareInstanceRegistryImpl    : Renew threshold is: 1
2026-03-18T23:15:18.963+05:30  INFO 30245 --- [eureka-server] [       Thread-9] c.n.e.r.PeerAwareInstanceRegistryImpl    : Changing status to UP
2026-03-18T23:15:18.964+05:30  INFO 30245 --- [eureka-server] [           main] o.s.b.w.embedded.tomcat.TomcatWebServer  : Tomcat started on port 8761 (http) with context path '/'
2026-03-18T23:15:18.964+05:30  INFO 30245 --- [eureka-server] [           main] .s.c.n.e.s.EurekaAutoServiceRegistration : Updating port to 8761
2026-03-18T23:15:18.965+05:30  INFO 30245 --- [eureka-server] [       Thread-9] e.s.EurekaServerInitializerConfiguration : Started Eureka Server
2026-03-18T23:15:18.974+05:30  INFO 30245 --- [eureka-server] [           main] c.s.eureka.EurekaServerApplication       : Started EurekaServerApplication in 1.574 seconds (process running for 1.777)
2026-03-18T23:15:22.972+05:30  INFO 30245 --- [eureka-server] [nio-8761-exec-2] o.a.c.c.C.[Tomcat].[localhost].[/]       : Initializing Spring DispatcherServlet 'dispatcherServlet'
2026-03-18T23:15:22.973+05:30  INFO 30245 --- [eureka-server] [nio-8761-exec-2] o.s.web.servlet.DispatcherServlet        : Initializing Servlet 'dispatcherServlet'
2026-03-18T23:15:22.973+05:30  INFO 30245 --- [eureka-server] [nio-8761-exec-2] o.s.web.servlet.DispatcherServlet        : Completed initialization in 0 ms
2026-03-18T23:15:23.094+05:30  INFO 30245 --- [eureka-server] [nio-8761-exec-3] c.n.e.registry.AbstractInstanceRegistry  : Registered instance API-GATEWAY/archlinux:api-gateway:8080 with status UP (replication=false)
2026-03-18T23:15:23.660+05:30  INFO 30245 --- [eureka-server] [nio-8761-exec-4] c.n.e.registry.AbstractInstanceRegistry  : Registered instance API-GATEWAY/archlinux:api-gateway:8080 with status UP (replication=true)
2026-03-18T23:15:27.605+05:30  INFO 30245 --- [eureka-server] [nio-8761-exec-7] c.n.e.registry.AbstractInstanceRegistry  : Registered instance AUTH-SERVICE/archlinux:auth-service:8081 with status UP (replication=false)
2026-03-18T23:15:28.119+05:30  INFO 30245 --- [eureka-server] [nio-8761-exec-8] c.n.e.registry.AbstractInstanceRegistry  : Registered instance AUTH-SERVICE/archlinux:auth-service:8081 with status UP (replication=true)
2026-03-18T23:15:31.644+05:30  INFO 30245 --- [eureka-server] [nio-8761-exec-9] c.n.e.registry.AbstractInstanceRegistry  : Registered instance STOCK-SERVICE/archlinux:stock-service:8082 with status UP (replication=false)
2026-03-18T23:15:32.150+05:30  INFO 30245 --- [eureka-server] [nio-8761-exec-6] c.n.e.registry.AbstractInstanceRegistry  : Registered instance STOCK-SERVICE/archlinux:stock-service:8082 with status UP (replication=true)
2026-03-18T23:16:18.964+05:30  INFO 30245 --- [eureka-server] [a-EvictionTimer] c.n.e.registry.AbstractInstanceRegistry  : Running the evict task with compensationTime 0ms
2026-03-18T23:17:18.964+05:30  INFO 30245 --- [eureka-server] [a-EvictionTimer] c.n.e.registry.AbstractInstanceRegistry  : Running the evict task with compensationTime 0ms
2026-03-18T23:18:18.965+05:30  INFO 30245 --- [eureka-server] [a-EvictionTimer] c.n.e.registry.AbstractInstanceRegistry  : Running the evict task with compensationTime 0ms
2026-03-18T23:19:18.965+05:30  INFO 30245 --- [eureka-server] [a-EvictionTimer] c.n.e.registry.AbstractInstanceRegistry  : Running the evict task with compensationTime 0ms
2026-03-18T23:20:18.965+05:30  INFO 30245 --- [eureka-server] [a-EvictionTimer] c.n.e.registry.AbstractInstanceRegistry  : Running the evict task with compensationTime 0ms
2026-03-18T23:21:18.965+05:30  INFO 30245 --- [eureka-server] [a-EvictionTimer] c.n.e.registry.AbstractInstanceRegistry  : Running the evict task with compensationTime 0ms
