[INFO] Scanning for projects...
[INFO] 
[INFO] -----------------< com.sharebazaar:portfolio-service >------------------
[INFO] Building portfolio-service 1.0.0-SNAPSHOT
[INFO]   from pom.xml
[INFO] --------------------------------[ jar ]---------------------------------
[INFO] 
[INFO] >>> spring-boot:3.4.3:run (default-cli) > test-compile @ portfolio-service >>>
[INFO] 
[INFO] --- jacoco:0.8.12:prepare-agent (prepare-agent) @ portfolio-service ---
[INFO] argLine set to -javaagent:/home/manichandra/.m2/repository/org/jacoco/org.jacoco.agent/0.8.12/org.jacoco.agent-0.8.12-runtime.jar=destfile=/home/manichandra/developer/Group-8/Backend/portfolio-service/target/jacoco.exec
[INFO] 
[INFO] --- resources:3.3.1:resources (default-resources) @ portfolio-service ---
[INFO] Copying 1 resource from src/main/resources to target/classes
[INFO] Copying 0 resource from src/main/resources to target/classes
[INFO] 
[INFO] --- compiler:3.13.0:compile (default-compile) @ portfolio-service ---
[INFO] Nothing to compile - all classes are up to date.
[INFO] 
[INFO] --- resources:3.3.1:testResources (default-testResources) @ portfolio-service ---
[INFO] skip non existing resourceDirectory /home/manichandra/developer/Group-8/Backend/portfolio-service/src/test/resources
[INFO] 
[INFO] --- compiler:3.13.0:testCompile (default-testCompile) @ portfolio-service ---
[INFO] Nothing to compile - all classes are up to date.
[INFO] 
[INFO] <<< spring-boot:3.4.3:run (default-cli) < test-compile @ portfolio-service <<<
[INFO] 
[INFO] 
[INFO] --- spring-boot:3.4.3:run (default-cli) @ portfolio-service ---
[INFO] Attaching agents: []

  .   ____          _            __ _ _
 /\\ / ___'_ __ _ _(_)_ __  __ _ \ \ \ \
( ( )\___ | '_ | '_| | '_ \/ _` | \ \ \ \
 \\/  ___)| |_)| | | | | || (_| |  ) ) ) )
  '  |____| .__|_| |_|_| |_\__, | / / / /
 =========|_|==============|___/=/_/_/_/

 :: Spring Boot ::                (v3.4.3)

2026-03-19T09:58:30.544+05:30  INFO 102126 --- [portfolio-service] [           main] c.s.p.PortfolioServiceApplication        : Starting PortfolioServiceApplication using Java 17.0.18 with PID 102126 (/home/manichandra/developer/Group-8/Backend/portfolio-service/target/classes started by manichandra in /home/manichandra/developer/Group-8/Backend/portfolio-service)
2026-03-19T09:58:30.546+05:30  INFO 102126 --- [portfolio-service] [           main] c.s.p.PortfolioServiceApplication        : No active profile set, falling back to 1 default profile: "default"
2026-03-19T09:58:31.210+05:30  INFO 102126 --- [portfolio-service] [           main] .s.d.r.c.RepositoryConfigurationDelegate : Bootstrapping Spring Data JPA repositories in DEFAULT mode.
2026-03-19T09:58:31.337+05:30  INFO 102126 --- [portfolio-service] [           main] .s.d.r.c.RepositoryConfigurationDelegate : Finished Spring Data repository scanning in 119 ms. Found 5 JPA repository interfaces.
2026-03-19T09:58:31.614+05:30  INFO 102126 --- [portfolio-service] [           main] o.s.cloud.context.scope.GenericScope     : BeanFactory id=03019174-1343-30cb-b4ac-fb9a73e30997
2026-03-19T09:58:31.940+05:30  INFO 102126 --- [portfolio-service] [           main] o.s.b.w.embedded.tomcat.TomcatWebServer  : Tomcat initialized with port 8083 (http)
2026-03-19T09:58:31.951+05:30  INFO 102126 --- [portfolio-service] [           main] o.apache.catalina.core.StandardService   : Starting service [Tomcat]
2026-03-19T09:58:31.951+05:30  INFO 102126 --- [portfolio-service] [           main] o.apache.catalina.core.StandardEngine    : Starting Servlet engine: [Apache Tomcat/10.1.36]
2026-03-19T09:58:32.005+05:30  INFO 102126 --- [portfolio-service] [           main] o.a.c.c.C.[Tomcat].[localhost].[/]       : Initializing Spring embedded WebApplicationContext
2026-03-19T09:58:32.007+05:30  INFO 102126 --- [portfolio-service] [           main] w.s.c.ServletWebServerApplicationContext : Root WebApplicationContext: initialization completed in 1409 ms
2026-03-19T09:58:32.206+05:30  INFO 102126 --- [portfolio-service] [           main] o.hibernate.jpa.internal.util.LogHelper  : HHH000204: Processing PersistenceUnitInfo [name: default]
2026-03-19T09:58:32.243+05:30  INFO 102126 --- [portfolio-service] [           main] org.hibernate.Version                    : HHH000412: Hibernate ORM core version 6.6.8.Final
2026-03-19T09:58:32.268+05:30  INFO 102126 --- [portfolio-service] [           main] o.h.c.internal.RegionFactoryInitiator    : HHH000026: Second-level cache disabled
2026-03-19T09:58:32.518+05:30  INFO 102126 --- [portfolio-service] [           main] o.s.o.j.p.SpringPersistenceUnitInfo      : No LoadTimeWeaver setup: ignoring JPA class transformer
2026-03-19T09:58:32.559+05:30  INFO 102126 --- [portfolio-service] [           main] com.zaxxer.hikari.HikariDataSource       : HikariPool-1 - Starting...
2026-03-19T09:58:32.675+05:30  INFO 102126 --- [portfolio-service] [           main] com.zaxxer.hikari.pool.HikariPool        : HikariPool-1 - Added connection org.postgresql.jdbc.PgConnection@2a54c92e
2026-03-19T09:58:32.677+05:30  INFO 102126 --- [portfolio-service] [           main] com.zaxxer.hikari.HikariDataSource       : HikariPool-1 - Start completed.
2026-03-19T09:58:32.775+05:30  INFO 102126 --- [portfolio-service] [           main] org.hibernate.orm.connections.pooling    : HHH10001005: Database info:
	Database JDBC URL [Connecting through datasource 'HikariDataSource (HikariPool-1)']
	Database driver: undefined/unknown
	Database version: 18.2
	Autocommit mode: undefined/unknown
	Isolation level: undefined/unknown
	Minimum pool size: undefined/unknown
	Maximum pool size: undefined/unknown
2026-03-19T09:58:33.740+05:30  INFO 102126 --- [portfolio-service] [           main] o.h.e.t.j.p.i.JtaPlatformInitiator       : HHH000489: No JTA platform available (set 'hibernate.transaction.jta.platform' to enable JTA platform integration)
2026-03-19T09:58:34.136+05:30  INFO 102126 --- [portfolio-service] [           main] j.LocalContainerEntityManagerFactoryBean : Initialized JPA EntityManagerFactory for persistence unit 'default'
2026-03-19T09:58:34.404+05:30  INFO 102126 --- [portfolio-service] [           main] o.s.d.j.r.query.QueryEnhancerFactory     : Hibernate is in classpath; If applicable, HQL parser will be used.
2026-03-19T09:58:35.026+05:30  WARN 102126 --- [portfolio-service] [           main] JpaBaseConfiguration$JpaWebConfiguration : spring.jpa.open-in-view is enabled by default. Therefore, database queries may be performed during view rendering. Explicitly configure spring.jpa.open-in-view to disable this warning
2026-03-19T09:58:35.069+05:30  WARN 102126 --- [portfolio-service] [           main] .s.s.UserDetailsServiceAutoConfiguration : 

Using generated security password: 42ec17b9-593b-4f3b-8bd7-9d8a5354ba8e

This generated password is for development use only. Your security configuration must be updated before running your application in production.

2026-03-19T09:58:35.092+05:30  INFO 102126 --- [portfolio-service] [           main] r$InitializeUserDetailsManagerConfigurer : Global AuthenticationManager configured with UserDetailsService bean with name inMemoryUserDetailsManager
2026-03-19T09:58:35.643+05:30  INFO 102126 --- [portfolio-service] [           main] DiscoveryClientOptionalArgsConfiguration : Eureka HTTP Client uses RestTemplate.
2026-03-19T09:58:35.676+05:30  WARN 102126 --- [portfolio-service] [           main] iguration$LoadBalancerCaffeineWarnLogger : Spring Cloud LoadBalancer is currently working with the default cache. While this cache implementation is useful for development and tests, it's recommended to use Caffeine cache in production.You can switch to using Caffeine cache, by adding it and org.springframework.cache.caffeine.CaffeineCacheManager to the classpath.
2026-03-19T09:58:35.697+05:30  INFO 102126 --- [portfolio-service] [           main] o.s.c.n.eureka.InstanceInfoFactory       : Setting initial instance status as: STARTING
2026-03-19T09:58:35.718+05:30  INFO 102126 --- [portfolio-service] [           main] com.netflix.discovery.DiscoveryClient    : Initializing Eureka in region us-east-1
2026-03-19T09:58:35.721+05:30  INFO 102126 --- [portfolio-service] [           main] c.n.d.s.r.aws.ConfigClusterResolver      : Resolving eureka endpoints via configuration
2026-03-19T09:58:35.728+05:30  INFO 102126 --- [portfolio-service] [           main] com.netflix.discovery.DiscoveryClient    : Disable delta property : false
2026-03-19T09:58:35.728+05:30  INFO 102126 --- [portfolio-service] [           main] com.netflix.discovery.DiscoveryClient    : Single vip registry refresh property : null
2026-03-19T09:58:35.728+05:30  INFO 102126 --- [portfolio-service] [           main] com.netflix.discovery.DiscoveryClient    : Force full registry fetch : false
2026-03-19T09:58:35.728+05:30  INFO 102126 --- [portfolio-service] [           main] com.netflix.discovery.DiscoveryClient    : Application is null : false
2026-03-19T09:58:35.728+05:30  INFO 102126 --- [portfolio-service] [           main] com.netflix.discovery.DiscoveryClient    : Registered Applications size is zero : true
2026-03-19T09:58:35.728+05:30  INFO 102126 --- [portfolio-service] [           main] com.netflix.discovery.DiscoveryClient    : Application version is -1: true
2026-03-19T09:58:35.728+05:30  INFO 102126 --- [portfolio-service] [           main] com.netflix.discovery.DiscoveryClient    : Getting all instance registry info from the eureka server
2026-03-19T09:58:36.055+05:30  INFO 102126 --- [portfolio-service] [           main] com.netflix.discovery.DiscoveryClient    : The response status is 200
2026-03-19T09:58:36.058+05:30  INFO 102126 --- [portfolio-service] [           main] com.netflix.discovery.DiscoveryClient    : Starting heartbeat executor: renew interval is: 30
2026-03-19T09:58:36.062+05:30  INFO 102126 --- [portfolio-service] [           main] c.n.discovery.InstanceInfoReplicator     : InstanceInfoReplicator onDemand update allowed rate per min is 4
2026-03-19T09:58:36.065+05:30  INFO 102126 --- [portfolio-service] [           main] com.netflix.discovery.DiscoveryClient    : Discovery Client initialized at timestamp 1773894516064 with initial instances count: 3
2026-03-19T09:58:36.072+05:30  INFO 102126 --- [portfolio-service] [           main] o.s.c.n.e.s.EurekaServiceRegistry        : Registering application PORTFOLIO-SERVICE with eureka with status UP
2026-03-19T09:58:36.074+05:30  INFO 102126 --- [portfolio-service] [           main] com.netflix.discovery.DiscoveryClient    : Saw local status change event StatusChangeEvent [timestamp=1773894516073, current=UP, previous=STARTING]
2026-03-19T09:58:36.077+05:30  INFO 102126 --- [portfolio-service] [foReplicator-%d] com.netflix.discovery.DiscoveryClient    : DiscoveryClient_PORTFOLIO-SERVICE/archlinux:portfolio-service:8083: registering service...
2026-03-19T09:58:36.111+05:30  INFO 102126 --- [portfolio-service] [           main] o.s.b.w.embedded.tomcat.TomcatWebServer  : Tomcat started on port 8083 (http) with context path '/'
2026-03-19T09:58:36.113+05:30  INFO 102126 --- [portfolio-service] [           main] .s.c.n.e.s.EurekaAutoServiceRegistration : Updating port to 8083
2026-03-19T09:58:36.128+05:30  INFO 102126 --- [portfolio-service] [           main] c.s.p.PortfolioServiceApplication        : Started PortfolioServiceApplication in 6.03 seconds (process running for 6.497)
2026-03-19T09:58:36.139+05:30  INFO 102126 --- [portfolio-service] [foReplicator-%d] com.netflix.discovery.DiscoveryClient    : DiscoveryClient_PORTFOLIO-SERVICE/archlinux:portfolio-service:8083 - registration status: 204
2026-03-19T09:58:36.243+05:30  INFO 102126 --- [portfolio-service] [           main] c.s.portfolio.config.DataSeeder          : Stock data already exists, skipping seed
2026-03-19T09:59:42.749+05:30  INFO 102126 --- [portfolio-service] [nio-8083-exec-2] o.a.c.c.C.[Tomcat].[localhost].[/]       : Initializing Spring DispatcherServlet 'dispatcherServlet'
2026-03-19T09:59:42.749+05:30  INFO 102126 --- [portfolio-service] [nio-8083-exec-2] o.s.web.servlet.DispatcherServlet        : Initializing Servlet 'dispatcherServlet'
2026-03-19T09:59:42.751+05:30  INFO 102126 --- [portfolio-service] [nio-8083-exec-2] o.s.web.servlet.DispatcherServlet        : Completed initialization in 2 ms
2026-03-19T09:59:42.831+05:30  WARN 102126 --- [portfolio-service] [nio-8083-exec-2] c.s.portfolio.config.JwtService          : Invalid JWT token: JWT expired 29387830 milliseconds ago at 2026-03-18T20:19:55.000Z. Current time: 2026-03-19T04:29:42.830Z. Allowed clock skew: 0 milliseconds.
2026-03-19T09:59:42.908+05:30  WARN 102126 --- [portfolio-service] [nio-8083-exec-3] c.s.portfolio.config.JwtService          : Invalid JWT token: JWT expired 29387908 milliseconds ago at 2026-03-18T20:19:55.000Z. Current time: 2026-03-19T04:29:42.908Z. Allowed clock skew: 0 milliseconds.
2026-03-19T09:59:49.687+05:30  WARN 102126 --- [portfolio-service] [nio-8083-exec-4] c.s.portfolio.config.JwtService          : Invalid JWT token: JWT expired 29394686 milliseconds ago at 2026-03-18T20:19:55.000Z. Current time: 2026-03-19T04:29:49.686Z. Allowed clock skew: 0 milliseconds.
2026-03-19T09:59:49.714+05:30  WARN 102126 --- [portfolio-service] [nio-8083-exec-5] c.s.portfolio.config.JwtService          : Invalid JWT token: JWT expired 29394713 milliseconds ago at 2026-03-18T20:19:55.000Z. Current time: 2026-03-19T04:29:49.713Z. Allowed clock skew: 0 milliseconds.
2026-03-19T10:23:35.886+05:30  INFO 102126 --- [portfolio-service] [rap-executor-%d] c.n.d.s.r.aws.ConfigClusterResolver      : Resolving eureka endpoints via configuration
2026-03-19T10:28:35.888+05:30  INFO 102126 --- [portfolio-service] [rap-executor-%d] c.n.d.s.r.aws.ConfigClusterResolver      : Resolving eureka endpoints via configuration
2026-03-19T10:33:35.889+05:30  INFO 102126 --- [portfolio-service] [rap-executor-%d] c.n.d.s.r.aws.ConfigClusterResolver      : Resolving eureka endpoints via configuration
2026-03-19T10:38:35.890+05:30  INFO 102126 --- [portfolio-service] [rap-executor-%d] c.n.d.s.r.aws.ConfigClusterResolver      : Resolving eureka endpoints via configuration
2026-03-19T10:43:35.891+05:30  INFO 102126 --- [portfolio-service] [rap-executor-%d] c.n.d.s.r.aws.ConfigClusterResolver      : Resolving eureka endpoints via configuration
2026-03-19T10:48:35.892+05:30  INFO 102126 --- [portfolio-service] [rap-executor-%d] c.n.d.s.r.aws.ConfigClusterResolver      : Resolving eureka endpoints via configuration
2026-03-19T10:53:35.892+05:30  INFO 102126 --- [portfolio-service] [rap-executor-%d] c.n.d.s.r.aws.ConfigClusterResolver      : Resolving eureka endpoints via configuration
2026-03-19T10:58:35.893+05:30  INFO 102126 --- [portfolio-service] [rap-executor-%d] c.n.d.s.r.aws.ConfigClusterResolver      : Resolving eureka endpoints via configuration
