[INFO] Scanning for projects...
[INFO] 
[INFO] -------------------< com.sharebazaar:stock-service >--------------------
[INFO] Building stock-service 1.0.0-SNAPSHOT
[INFO]   from pom.xml
[INFO] --------------------------------[ jar ]---------------------------------
[INFO] 
[INFO] >>> spring-boot:3.4.3:run (default-cli) > test-compile @ stock-service >>>
[INFO] 
[INFO] --- jacoco:0.8.12:prepare-agent (prepare-agent) @ stock-service ---
[INFO] argLine set to -javaagent:/home/manichandra/.m2/repository/org/jacoco/org.jacoco.agent/0.8.12/org.jacoco.agent-0.8.12-runtime.jar=destfile=/home/manichandra/developer/Group-8/Backend/stock-service/target/jacoco.exec
[INFO] 
[INFO] --- resources:3.3.1:resources (default-resources) @ stock-service ---
[INFO] Copying 1 resource from src/main/resources to target/classes
[INFO] Copying 0 resource from src/main/resources to target/classes
[INFO] 
[INFO] --- compiler:3.13.0:compile (default-compile) @ stock-service ---
[INFO] Nothing to compile - all classes are up to date.
[INFO] 
[INFO] --- resources:3.3.1:testResources (default-testResources) @ stock-service ---
[INFO] skip non existing resourceDirectory /home/manichandra/developer/Group-8/Backend/stock-service/src/test/resources
[INFO] 
[INFO] --- compiler:3.13.0:testCompile (default-testCompile) @ stock-service ---
[INFO] Nothing to compile - all classes are up to date.
[INFO] 
[INFO] <<< spring-boot:3.4.3:run (default-cli) < test-compile @ stock-service <<<
[INFO] 
[INFO] 
[INFO] --- spring-boot:3.4.3:run (default-cli) @ stock-service ---
[INFO] Attaching agents: []

  .   ____          _            __ _ _
 /\\ / ___'_ __ _ _(_)_ __  __ _ \ \ \ \
( ( )\___ | '_ | '_| | '_ \/ _` | \ \ \ \
 \\/  ___)| |_)| | | | | || (_| |  ) ) ) )
  '  |____| .__|_| |_|_| |_\__, | / / / /
 =========|_|==============|___/=/_/_/_/

 :: Spring Boot ::                (v3.4.3)

2026-03-18T23:15:29.521+05:30  INFO 30730 --- [stock-service] [           main] c.s.stock.StockServiceApplication        : Starting StockServiceApplication using Java 17.0.18 with PID 30730 (/home/manichandra/developer/Group-8/Backend/stock-service/target/classes started by manichandra in /home/manichandra/developer/Group-8/Backend/stock-service)
2026-03-18T23:15:29.522+05:30  INFO 30730 --- [stock-service] [           main] c.s.stock.StockServiceApplication        : No active profile set, falling back to 1 default profile: "default"
2026-03-18T23:15:29.871+05:30  INFO 30730 --- [stock-service] [           main] .s.d.r.c.RepositoryConfigurationDelegate : Bootstrapping Spring Data JPA repositories in DEFAULT mode.
2026-03-18T23:15:29.941+05:30  INFO 30730 --- [stock-service] [           main] .s.d.r.c.RepositoryConfigurationDelegate : Finished Spring Data repository scanning in 66 ms. Found 2 JPA repository interfaces.
2026-03-18T23:15:30.040+05:30  INFO 30730 --- [stock-service] [           main] o.s.cloud.context.scope.GenericScope     : BeanFactory id=379c75de-f244-3807-a2fa-ef28b7e8a98c
2026-03-18T23:15:30.184+05:30  INFO 30730 --- [stock-service] [           main] o.s.b.w.embedded.tomcat.TomcatWebServer  : Tomcat initialized with port 8082 (http)
2026-03-18T23:15:30.190+05:30  INFO 30730 --- [stock-service] [           main] o.apache.catalina.core.StandardService   : Starting service [Tomcat]
2026-03-18T23:15:30.190+05:30  INFO 30730 --- [stock-service] [           main] o.apache.catalina.core.StandardEngine    : Starting Servlet engine: [Apache Tomcat/10.1.36]
2026-03-18T23:15:30.213+05:30  INFO 30730 --- [stock-service] [           main] o.a.c.c.C.[Tomcat].[localhost].[/]       : Initializing Spring embedded WebApplicationContext
2026-03-18T23:15:30.214+05:30  INFO 30730 --- [stock-service] [           main] w.s.c.ServletWebServerApplicationContext : Root WebApplicationContext: initialization completed in 670 ms
2026-03-18T23:15:30.278+05:30  INFO 30730 --- [stock-service] [           main] o.hibernate.jpa.internal.util.LogHelper  : HHH000204: Processing PersistenceUnitInfo [name: default]
2026-03-18T23:15:30.302+05:30  INFO 30730 --- [stock-service] [           main] org.hibernate.Version                    : HHH000412: Hibernate ORM core version 6.6.8.Final
2026-03-18T23:15:30.314+05:30  INFO 30730 --- [stock-service] [           main] o.h.c.internal.RegionFactoryInitiator    : HHH000026: Second-level cache disabled
2026-03-18T23:15:30.407+05:30  INFO 30730 --- [stock-service] [           main] o.s.o.j.p.SpringPersistenceUnitInfo      : No LoadTimeWeaver setup: ignoring JPA class transformer
2026-03-18T23:15:30.418+05:30  INFO 30730 --- [stock-service] [           main] com.zaxxer.hikari.HikariDataSource       : HikariPool-1 - Starting...
2026-03-18T23:15:30.458+05:30  INFO 30730 --- [stock-service] [           main] com.zaxxer.hikari.pool.HikariPool        : HikariPool-1 - Added connection org.postgresql.jdbc.PgConnection@2cff5aa3
2026-03-18T23:15:30.459+05:30  INFO 30730 --- [stock-service] [           main] com.zaxxer.hikari.HikariDataSource       : HikariPool-1 - Start completed.
2026-03-18T23:15:30.487+05:30  INFO 30730 --- [stock-service] [           main] org.hibernate.orm.connections.pooling    : HHH10001005: Database info:
	Database JDBC URL [Connecting through datasource 'HikariDataSource (HikariPool-1)']
	Database driver: undefined/unknown
	Database version: 18.2
	Autocommit mode: undefined/unknown
	Isolation level: undefined/unknown
	Minimum pool size: undefined/unknown
	Maximum pool size: undefined/unknown
2026-03-18T23:15:30.828+05:30  INFO 30730 --- [stock-service] [           main] o.h.e.t.j.p.i.JtaPlatformInitiator       : HHH000489: No JTA platform available (set 'hibernate.transaction.jta.platform' to enable JTA platform integration)
2026-03-18T23:15:30.903+05:30  INFO 30730 --- [stock-service] [           main] j.LocalContainerEntityManagerFactoryBean : Initialized JPA EntityManagerFactory for persistence unit 'default'
2026-03-18T23:15:31.110+05:30  WARN 30730 --- [stock-service] [           main] JpaBaseConfiguration$JpaWebConfiguration : spring.jpa.open-in-view is enabled by default. Therefore, database queries may be performed during view rendering. Explicitly configure spring.jpa.open-in-view to disable this warning
2026-03-18T23:15:31.131+05:30  WARN 30730 --- [stock-service] [           main] .s.s.UserDetailsServiceAutoConfiguration : 

Using generated security password: 73e545b2-9230-4974-ac31-e6c039f5a449

This generated password is for development use only. Your security configuration must be updated before running your application in production.

2026-03-18T23:15:31.139+05:30  INFO 30730 --- [stock-service] [           main] r$InitializeUserDetailsManagerConfigurer : Global AuthenticationManager configured with UserDetailsService bean with name inMemoryUserDetailsManager
2026-03-18T23:15:31.425+05:30  INFO 30730 --- [stock-service] [           main] DiscoveryClientOptionalArgsConfiguration : Eureka HTTP Client uses RestTemplate.
2026-03-18T23:15:31.440+05:30  WARN 30730 --- [stock-service] [           main] iguration$LoadBalancerCaffeineWarnLogger : Spring Cloud LoadBalancer is currently working with the default cache. While this cache implementation is useful for development and tests, it's recommended to use Caffeine cache in production.You can switch to using Caffeine cache, by adding it and org.springframework.cache.caffeine.CaffeineCacheManager to the classpath.
2026-03-18T23:15:31.451+05:30  INFO 30730 --- [stock-service] [           main] o.s.c.n.eureka.InstanceInfoFactory       : Setting initial instance status as: STARTING
2026-03-18T23:15:31.460+05:30  INFO 30730 --- [stock-service] [           main] com.netflix.discovery.DiscoveryClient    : Initializing Eureka in region us-east-1
2026-03-18T23:15:31.462+05:30  INFO 30730 --- [stock-service] [           main] c.n.d.s.r.aws.ConfigClusterResolver      : Resolving eureka endpoints via configuration
2026-03-18T23:15:31.465+05:30  INFO 30730 --- [stock-service] [           main] com.netflix.discovery.DiscoveryClient    : Disable delta property : false
2026-03-18T23:15:31.465+05:30  INFO 30730 --- [stock-service] [           main] com.netflix.discovery.DiscoveryClient    : Single vip registry refresh property : null
2026-03-18T23:15:31.465+05:30  INFO 30730 --- [stock-service] [           main] com.netflix.discovery.DiscoveryClient    : Force full registry fetch : false
2026-03-18T23:15:31.465+05:30  INFO 30730 --- [stock-service] [           main] com.netflix.discovery.DiscoveryClient    : Application is null : false
2026-03-18T23:15:31.465+05:30  INFO 30730 --- [stock-service] [           main] com.netflix.discovery.DiscoveryClient    : Registered Applications size is zero : true
2026-03-18T23:15:31.465+05:30  INFO 30730 --- [stock-service] [           main] com.netflix.discovery.DiscoveryClient    : Application version is -1: true
2026-03-18T23:15:31.465+05:30  INFO 30730 --- [stock-service] [           main] com.netflix.discovery.DiscoveryClient    : Getting all instance registry info from the eureka server
2026-03-18T23:15:31.619+05:30  INFO 30730 --- [stock-service] [           main] com.netflix.discovery.DiscoveryClient    : The response status is 200
2026-03-18T23:15:31.620+05:30  INFO 30730 --- [stock-service] [           main] com.netflix.discovery.DiscoveryClient    : Starting heartbeat executor: renew interval is: 30
2026-03-18T23:15:31.620+05:30  INFO 30730 --- [stock-service] [           main] c.n.discovery.InstanceInfoReplicator     : InstanceInfoReplicator onDemand update allowed rate per min is 4
2026-03-18T23:15:31.621+05:30  INFO 30730 --- [stock-service] [           main] com.netflix.discovery.DiscoveryClient    : Discovery Client initialized at timestamp 1773855931621 with initial instances count: 2
2026-03-18T23:15:31.623+05:30  INFO 30730 --- [stock-service] [           main] o.s.c.n.e.s.EurekaServiceRegistry        : Registering application STOCK-SERVICE with eureka with status UP
2026-03-18T23:15:31.623+05:30  INFO 30730 --- [stock-service] [           main] com.netflix.discovery.DiscoveryClient    : Saw local status change event StatusChangeEvent [timestamp=1773855931623, current=UP, previous=STARTING]
2026-03-18T23:15:31.624+05:30  INFO 30730 --- [stock-service] [foReplicator-%d] com.netflix.discovery.DiscoveryClient    : DiscoveryClient_STOCK-SERVICE/archlinux:stock-service:8082: registering service...
2026-03-18T23:15:31.630+05:30  INFO 30730 --- [stock-service] [           main] o.s.b.w.embedded.tomcat.TomcatWebServer  : Tomcat started on port 8082 (http) with context path '/'
2026-03-18T23:15:31.630+05:30  INFO 30730 --- [stock-service] [           main] .s.c.n.e.s.EurekaAutoServiceRegistration : Updating port to 8082
2026-03-18T23:15:31.637+05:30  INFO 30730 --- [stock-service] [           main] c.s.stock.StockServiceApplication        : Started StockServiceApplication in 2.309 seconds (process running for 2.527)
2026-03-18T23:15:31.645+05:30  INFO 30730 --- [stock-service] [foReplicator-%d] com.netflix.discovery.DiscoveryClient    : DiscoveryClient_STOCK-SERVICE/archlinux:stock-service:8082 - registration status: 204
2026-03-18T23:15:56.861+05:30  INFO 30730 --- [stock-service] [nio-8082-exec-2] o.a.c.c.C.[Tomcat].[localhost].[/]       : Initializing Spring DispatcherServlet 'dispatcherServlet'
2026-03-18T23:15:56.861+05:30  INFO 30730 --- [stock-service] [nio-8082-exec-2] o.s.web.servlet.DispatcherServlet        : Initializing Servlet 'dispatcherServlet'
2026-03-18T23:15:56.862+05:30  INFO 30730 --- [stock-service] [nio-8082-exec-2] o.s.web.servlet.DispatcherServlet        : Completed initialization in 1 ms
2026-03-18T23:17:08.973+05:30  WARN 30730 --- [stock-service] [nio-8082-exec-8] c.sharebazaar.stock.config.JwtService    : Invalid JWT token: JWT expired 32376971 milliseconds ago at 2026-03-18T08:47:32.000Z. Current time: 2026-03-18T17:47:08.971Z. Allowed clock skew: 0 milliseconds.
2026-03-18T23:17:08.973+05:30  WARN 30730 --- [stock-service] [nio-8082-exec-9] c.sharebazaar.stock.config.JwtService    : Invalid JWT token: JWT expired 32376971 milliseconds ago at 2026-03-18T08:47:32.000Z. Current time: 2026-03-18T17:47:08.971Z. Allowed clock skew: 0 milliseconds.
2026-03-18T23:17:08.990+05:30  WARN 30730 --- [stock-service] [nio-8082-exec-1] c.sharebazaar.stock.config.JwtService    : Invalid JWT token: JWT expired 32376990 milliseconds ago at 2026-03-18T08:47:32.000Z. Current time: 2026-03-18T17:47:08.990Z. Allowed clock skew: 0 milliseconds.
2026-03-18T23:17:08.990+05:30  WARN 30730 --- [stock-service] [io-8082-exec-10] c.sharebazaar.stock.config.JwtService    : Invalid JWT token: JWT expired 32376990 milliseconds ago at 2026-03-18T08:47:32.000Z. Current time: 2026-03-18T17:47:08.990Z. Allowed clock skew: 0 milliseconds.
2026-03-18T23:20:31.466+05:30  INFO 30730 --- [stock-service] [rap-executor-%d] c.n.d.s.r.aws.ConfigClusterResolver      : Resolving eureka endpoints via configuration
